<?xml version='1.0' encoding='UTF-8'?>
<testsuite hostname="LAPTOP-NTPK9U8Q" name="controllers.HomeControllerTest" tests="1" errors="0" failures="0" skipped="0" time="2.536" timestamp="2021-11-15T16:42:19">
                     <properties>
[...]
</properties>
                     <testcase classname="controllers.HomeControllerTest" name="testIndex" time="2.536">
                                                 
                                               </testcase>
                     <system-out><![CDATA[]]></system-out>
                     <system-err><![CDATA[]]></system-err>
                   </testsuite>