<?xml version='1.0' encoding='UTF-8'?>
<testsuite hostname="LAPTOP-5AQDKP49" name="controllers.HomeControllerTest" tests="1" errors="0" failures="0" skipped="0" time="4.139" timestamp="2021-11-14T09:48:36">
                     <properties>
[...]
</properties>
                     <testcase classname="controllers.HomeControllerTest" name="testIndex" time="4.139">
                                                 
                                               </testcase>
                     <system-out><![CDATA[]]></system-out>
                     <system-err><![CDATA[]]></system-err>
                   </testsuite>